<?xml version="1.0" encoding="UTF-8"?>
<testng-results ignored="0" total="1" passed="1" failed="0" skipped="0">
  <reporter-output>
  </reporter-output>
  <suite started-at="2021-04-12T14:32:20 ICT" name="Surefire suite" finished-at="2021-04-12T14:32:37 ICT" duration-ms="17452">
    <groups>
    </groups>
    <test started-at="2021-04-12T14:32:20 ICT" name="Surefire test" finished-at="2021-04-12T14:32:37 ICT" duration-ms="17452">
      <class name="com.example.demoselenium.MainPageTest">
        <test-method signature="openSite()[pri:0, instance:com.example.demoselenium.MainPageTest@75e09567]" started-at="2021-04-12T14:32:20 ICT" name="openSite" finished-at="2021-04-12T14:32:37 ICT" duration-ms="17025" status="PASS">
          <reporter-output>
          </reporter-output>
        </test-method> <!-- openSite -->
      </class> <!-- com.example.demoselenium.MainPageTest -->
    </test> <!-- Surefire test -->
  </suite> <!-- Surefire suite -->
</testng-results>
