<?xml version="1.0" encoding="UTF-8"?>
<!-- Generated by org.testng.reporters.JUnitXMLReporter -->
<testsuite hostname="ESPRIMO-D582E" ignored="0" name="Surefire test" tests="7" failures="0" timestamp="2021-04-27T08:56:17 ICT" time="109.371" errors="0">
  <testcase name="createAccount" time="16.187" classname="com.example.demoselenium.finalproject.MainTest"/>
  <testcase name="createContactus" time="6.297" classname="com.example.demoselenium.finalproject.MainTest"/>
  <testcase name="mouseAddCart" time="4.932" classname="com.example.demoselenium.finalproject.MainTest"/>
  <testcase name="newsletter" time="2.202" classname="com.example.demoselenium.finalproject.MainTest"/>
  <testcase name="removeCartAddCheckout" time="1.399" classname="com.example.demoselenium.finalproject.MainTest"/>
  <testcase name="sale20" time="3.29" classname="com.example.demoselenium.finalproject.MainTest"/>
  <testcase name="searchClear" time="10.544" classname="com.example.demoselenium.finalproject.MainTest"/>
</testsuite> <!-- Surefire test -->
