<?xml version="1.0" encoding="UTF-8"?>
<testsuite xmlns:xsi="http://www.w3.org/2001/XMLSchema-instance" xsi:noNamespaceSchemaLocation="https://maven.apache.org/surefire/maven-surefire-plugin/xsd/surefire-test-report.xsd" name="com.example.demoselenium.finalproject.MainTest" time="114.014" tests="7" errors="0" skipped="0" failures="0">
  <properties>
[...]
</properties>
  <testcase name="createAccount" classname="com.example.demoselenium.finalproject.MainTest" time="16.191"/>
  <testcase name="createContactus" classname="com.example.demoselenium.finalproject.MainTest" time="6.297"/>
  <testcase name="mouseAddCart" classname="com.example.demoselenium.finalproject.MainTest" time="4.932"/>
  <testcase name="newsletter" classname="com.example.demoselenium.finalproject.MainTest" time="2.202"/>
  <testcase name="removeCartAddCheckout" classname="com.example.demoselenium.finalproject.MainTest" time="1.399"/>
  <testcase name="sale20" classname="com.example.demoselenium.finalproject.MainTest" time="3.29"/>
  <testcase name="searchClear" classname="com.example.demoselenium.finalproject.MainTest" time="10.545"/>
</testsuite>