<?xml version="1.0" encoding="UTF-8"?>
<testsuite xmlns:xsi="http://www.w3.org/2001/XMLSchema-instance" xsi:noNamespaceSchemaLocation="https://maven.apache.org/surefire/maven-surefire-plugin/xsd/surefire-test-report.xsd" name="TestSuite" time="323.71" tests="19" errors="0" skipped="0" failures="1">
  <properties>
[...]
</properties>
  <testcase name="createAccount" classname="com.example.demoselenium.finalproject.MainTest" time="16.131"/>
  <testcase name="createContactus" classname="com.example.demoselenium.finalproject.MainTest" time="6.939"/>
  <testcase name="mouseAddCart" classname="com.example.demoselenium.finalproject.MainTest" time="5.082"/>
  <testcase name="newsletter" classname="com.example.demoselenium.finalproject.MainTest" time="2.262"/>
  <testcase name="removeCartAddCheckout" classname="com.example.demoselenium.finalproject.MainTest" time="1.376"/>
  <testcase name="sale20" classname="com.example.demoselenium.finalproject.MainTest" time="3.205"/>
  <testcase name="searchClear" classname="com.example.demoselenium.finalproject.MainTest" time="13.786"/>
  <testcase name="HandlePopupByID" classname="com.example.demoselenium.plan.MainPageTest" time="21.611"/>
  <testcase name="alertTest" classname="com.example.demoselenium.plan.MainPageTest" time="6.438"/>
  <testcase name="checkBox" classname="com.example.demoselenium.plan.MainPageTest" time="9.038"/>
  <testcase name="findGetTest" classname="com.example.demoselenium.plan.MainPageTest" time="5.034"/>
  <testcase name="handleByContent" classname="com.example.demoselenium.plan.MainPageTest" time="14.59"/>
  <testcase name="handleByTitle" classname="com.example.demoselenium.plan.MainPageTest" time="19.536"/>
  <testcase name="openSite" classname="com.example.demoselenium.plan.MainPageTest" time="6.597"/>
  <testcase name="select" classname="com.example.demoselenium.plan.MainPageTest" time="8.884"/>
  <testcase name="testIframe" classname="com.example.demoselenium.plan.MainPageTest" time="0.932">
    <failure message="invalid argument&#10;  (Session info: chrome=89.0.4389.128)&#10;Build info: version: &apos;3.141.59&apos;, revision: &apos;e82be7d358&apos;, time: &apos;2018-11-14T08:17:03&apos;&#10;System info: host: &apos;ESPRIMO-D582E&apos;, ip: &apos;10.10.31.133&apos;, os.name: &apos;Windows 10&apos;, os.arch: &apos;amd64&apos;, os.version: &apos;10.0&apos;, java.version: &apos;1.8.0_291&apos;&#10;Driver info: org.openqa.selenium.chrome.ChromeDriver&#10;Capabilities {acceptInsecureCerts: false, browserName: chrome, browserVersion: 89.0.4389.128, chrome: {chromedriverVersion: 88.0.4324.96 (68dba2d8a0b14..., userDataDir: C:\WINDOWS\TEMP\scoped_dir1...}, goog:chromeOptions: {debuggerAddress: localhost:60038}, javascriptEnabled: true, networkConnectionEnabled: false, pageLoadStrategy: normal, platform: WINDOWS, platformName: WINDOWS, proxy: Proxy(), setWindowRect: true, strictFileInteractability: false, timeouts: {implicit: 0, pageLoad: 300000, script: 30000}, unhandledPromptBehavior: dismiss and notify, webauthn:extension:largeBlob: true, webauthn:virtualAuthenticators: true}&#10;Session ID: 3d8ee2006f66e0fe8809f0f332236c9e" type="org.openqa.selenium.InvalidArgumentException">org.openqa.selenium.InvalidArgumentException: 
invalid argument
  (Session info: chrome=89.0.4389.128)
Build info: version: '3.141.59', revision: 'e82be7d358', time: '2018-11-14T08:17:03'
System info: host: 'ESPRIMO-D582E', ip: '10.10.31.133', os.name: 'Windows 10', os.arch: 'amd64', os.version: '10.0', java.version: '1.8.0_291'
Driver info: org.openqa.selenium.chrome.ChromeDriver
Capabilities {acceptInsecureCerts: false, browserName: chrome, browserVersion: 89.0.4389.128, chrome: {chromedriverVersion: 88.0.4324.96 (68dba2d8a0b14..., userDataDir: C:\WINDOWS\TEMP\scoped_dir1...}, goog:chromeOptions: {debuggerAddress: localhost:60038}, javascriptEnabled: true, networkConnectionEnabled: false, pageLoadStrategy: normal, platform: WINDOWS, platformName: WINDOWS, proxy: Proxy(), setWindowRect: true, strictFileInteractability: false, timeouts: {implicit: 0, pageLoad: 300000, script: 30000}, unhandledPromptBehavior: dismiss and notify, webauthn:extension:largeBlob: true, webauthn:virtualAuthenticators: true}
Session ID: 3d8ee2006f66e0fe8809f0f332236c9e
	at com.example.demoselenium.plan.MainPageTest.testIframe(MainPageTest.java:21)
</failure>
    <system-err><![CDATA[Starting ChromeDriver 88.0.4324.96 (68dba2d8a0b149a1d3afac56fa74648032bcf46b-refs/branch-heads/4324@{#1784}) on port 3785
Only local connections are allowed.
Please see https://chromedriver.chromium.org/security-considerations for suggestions on keeping ChromeDriver safe.
ChromeDriver was started successfully.
[1619432320.751][WARNING]: This version of ChromeDriver has not been tested with Chrome version 89.
Apr 26, 2021 5:18:40 PM org.openqa.selenium.remote.ProtocolHandshake createSession
INFO: Detected dialect: W3C
]]></system-err>
  </testcase>
  <testcase name="upload" classname="com.example.demoselenium.plan.MainPageTest" time="17.805"/>
  <testcase name="waitTest" classname="com.example.demoselenium.plan.MainPageTest" time="3.735"/>
  <testcase name="loginTes" classname="com.example.demoselenium.POM.Test.TestPOM" time="7.758"/>
</testsuite>